2025-11-08 12:14:23,081 - INFO - ============================================================
2025-11-08 12:14:23,081 - INFO - Dryad BMv2 Enhanced Predictor Initialized
2025-11-08 12:14:23,082 - INFO - GPU acceleration: ENABLED
2025-11-08 12:14:23,082 - INFO - ============================================================
2025-11-08 12:14:23,082 - INFO - === Loading and Processing Data ===
2025-11-08 12:14:23,098 - INFO - Loaded 2503 records
2025-11-08 12:14:23,099 - INFO - Checking data quality...
2025-11-08 12:14:23,106 - INFO - CPU stats: mean=0.508, std=0.079
2025-11-08 12:14:23,107 - INFO - Memory stats: mean=26.867, std=0.318
2025-11-08 12:14:23,172 - INFO - Creating enhanced derived features...
2025-11-08 12:14:23,205 - INFO - Added enhanced derived features. Final shape: (2503, 16)
2025-11-08 12:14:23,208 - INFO - CPU unique values (×100): [30 39 40 49 50 59 60 70 80 90]
2025-11-08 12:14:23,208 - INFO - CPU number of classes: 10
2025-11-08 12:14:23,208 - INFO - CPU class distribution:
2025-11-08 12:14:23,209 - INFO -   0.30 (30): 22 samples (0.88%)
2025-11-08 12:14:23,209 - INFO -   0.39 (39): 1 samples (0.04%)
2025-11-08 12:14:23,209 - INFO -   0.40 (40): 517 samples (20.66%)
2025-11-08 12:14:23,209 - INFO -   0.49 (49): 3 samples (0.12%)
2025-11-08 12:14:23,209 - INFO -   0.50 (50): 1280 samples (51.14%)
2025-11-08 12:14:23,209 - INFO -   0.59 (59): 3 samples (0.12%)
2025-11-08 12:14:23,209 - INFO -   0.60 (60): 604 samples (24.13%)
2025-11-08 12:14:23,209 - INFO -   0.70 (70): 62 samples (2.48%)
2025-11-08 12:14:23,209 - INFO -   0.80 (80): 10 samples (0.40%)
2025-11-08 12:14:23,209 - INFO -   0.90 (90): 1 samples (0.04%)
2025-11-08 12:14:23,209 - INFO - Feature matrix shape: (2503, 16)
2025-11-08 12:14:23,209 - INFO - Memory target shape: (2503,)
2025-11-08 12:14:23,209 - INFO - CPU categorical target shape: (2503,)
2025-11-08 12:14:23,209 - INFO - CPU range: 0.30 - 0.90
2025-11-08 12:14:23,209 - INFO - Memory range: 26.03 - 27.68
2025-11-08 12:14:23,214 - INFO - Training samples: 2002
2025-11-08 12:14:23,214 - INFO - Test samples: 501
2025-11-08 12:14:23,214 - INFO - Memory training target shape: (2002,)
2025-11-08 12:14:23,214 - INFO - Memory test target shape: (501,)
2025-11-08 12:14:23,214 - INFO - CPU training target shape: (2002,)
2025-11-08 12:14:23,214 - INFO - CPU test target shape: (501,)
2025-11-08 12:14:23,214 - INFO - 
=== Training Hybrid Models (Quick Mode - Optimized) ===
2025-11-08 12:14:23,214 - INFO - GPU acceleration: ENABLED
2025-11-08 12:14:23,214 - INFO - Memory参数组合数: 32
2025-11-08 12:14:23,214 - INFO - CPU参数组合数: 32
2025-11-08 12:14:23,214 - INFO - GPU support detected. Using GPU for training...
2025-11-08 12:14:23,214 - INFO - 
--- Training Memory Regression Model ---
2025-11-08 12:15:15,023 - INFO - Memory训练耗时: 51.81秒
2025-11-08 12:15:15,023 - INFO - Memory best parameters: {'learning_rate': 0.05, 'max_depth': 7, 'min_child_samples': 30, 'n_estimators': 100, 'num_leaves': 31}
2025-11-08 12:15:15,023 - INFO - Memory best CV score (R²): 0.7943
2025-11-08 12:15:15,024 - INFO - 
--- Training CPU Classification Model ---
2025-11-08 12:22:24,941 - INFO - CPU训练耗时: 429.92秒
2025-11-08 12:22:24,941 - INFO - CPU best parameters: {'learning_rate': 0.05, 'max_depth': 7, 'min_child_samples': 30, 'n_estimators': 100, 'num_leaves': 50}
2025-11-08 12:22:24,941 - INFO - CPU best CV score (Accuracy): 0.4615
2025-11-08 12:22:24,942 - INFO - 
Total training time: 481.73 seconds
2025-11-08 12:22:24,942 - INFO - 
=== Model Performance ===
2025-11-08 12:22:24,942 - INFO - 
--- Memory Regression Model (LGBMRegressor) ---
2025-11-08 12:22:24,981 - INFO -   Training R²: 0.8630, MAE: 0.0957, RMSE: 0.1183
2025-11-08 12:22:24,982 - INFO -   Test R²: 0.8021, MAE: 0.1125, RMSE: 0.1389
2025-11-08 12:22:24,983 - INFO - 
--- CPU Classification Model (LGBMClassifier) ---
2025-11-08 12:22:25,374 - INFO -   Training Accuracy: 0.7288, F1 (weighted): 0.7054
2025-11-08 12:22:25,375 - INFO -   Test Accuracy: 0.4830, F1 (weighted): 0.3935
2025-11-08 12:22:25,375 - INFO - 
  Test Confusion Matrix:
2025-11-08 12:22:25,375 - INFO - 
[[  0   0   0   5   0   0   0]
 [  0   4   0  84   5   0   0]
 [  0   0   0   2   0   0   0]
 [  0   8   0 224  30   1   0]
 [  0  11   0  99  14   0   0]
 [  0   0   0  10   1   0   0]
 [  0   0   0   3   0   0   0]]
2025-11-08 12:22:25,380 - INFO - 
  Reference Metrics (converted from classification):
2025-11-08 12:22:25,380 - INFO -   Training MAE: 0.0291, RMSE: 0.0575
2025-11-08 12:22:25,381 - INFO -   Test MAE: 0.0589, RMSE: 0.0867
2025-11-08 12:22:25,381 - INFO - Creating visualizations...
2025-11-08 12:25:32,851 - INFO - Visualizations saved to plots/ directory
2025-11-08 12:25:32,992 - INFO - Models saved successfully!
2025-11-08 12:25:32,993 - INFO - Training history saved to logs\training_history_20251108_122532.json
