2025-11-08 12:58:48,810 - INFO - ============================================================
2025-11-08 12:58:48,810 - INFO - Dryad BMv2 Enhanced Predictor Initialized
2025-11-08 12:58:48,810 - INFO - GPU acceleration: ENABLED
2025-11-08 12:58:48,810 - INFO - ============================================================
2025-11-08 12:58:48,810 - INFO - === Loading and Processing Data ===
2025-11-08 12:58:48,822 - INFO - Loaded 2503 records
2025-11-08 12:58:48,822 - INFO - Checking data quality...
2025-11-08 12:58:48,826 - INFO - CPU stats: mean=0.508, std=0.079
2025-11-08 12:58:48,828 - INFO - Memory stats: mean=26.867, std=0.318
2025-11-08 12:58:48,894 - INFO - Creating enhanced derived features...
2025-11-08 12:58:48,928 - INFO - Added enhanced derived features. Final shape: (2503, 16)
2025-11-08 12:58:48,929 - INFO - CPU unique values (×100): [30 39 40 49 50 59 60 70 80 90]
2025-11-08 12:58:48,929 - INFO - CPU number of classes: 10
2025-11-08 12:58:48,929 - INFO - CPU class distribution:
2025-11-08 12:58:48,929 - INFO -   0.30 (30): 22 samples (0.88%)
2025-11-08 12:58:48,929 - INFO -   0.39 (39): 1 samples (0.04%)
2025-11-08 12:58:48,929 - INFO -   0.40 (40): 517 samples (20.66%)
2025-11-08 12:58:48,929 - INFO -   0.49 (49): 3 samples (0.12%)
2025-11-08 12:58:48,929 - INFO -   0.50 (50): 1280 samples (51.14%)
2025-11-08 12:58:48,929 - INFO -   0.59 (59): 3 samples (0.12%)
2025-11-08 12:58:48,929 - INFO -   0.60 (60): 604 samples (24.13%)
2025-11-08 12:58:48,929 - INFO -   0.70 (70): 62 samples (2.48%)
2025-11-08 12:58:48,929 - INFO -   0.80 (80): 10 samples (0.40%)
2025-11-08 12:58:48,929 - INFO -   0.90 (90): 1 samples (0.04%)
2025-11-08 12:58:48,929 - INFO - Feature matrix shape: (2503, 16)
2025-11-08 12:58:48,929 - INFO - Memory target shape: (2503,)
2025-11-08 12:58:48,929 - INFO - CPU categorical target shape: (2503,)
2025-11-08 12:58:48,929 - INFO - CPU range: 0.30 - 0.90
2025-11-08 12:58:48,929 - INFO - Memory range: 26.03 - 27.68
2025-11-08 12:58:48,929 - INFO - Training samples: 2002
2025-11-08 12:58:48,929 - INFO - Test samples: 501
2025-11-08 12:58:48,929 - INFO - Memory training target shape: (2002,)
2025-11-08 12:58:48,929 - INFO - Memory test target shape: (501,)
2025-11-08 12:58:48,929 - INFO - CPU training target shape: (2002,)
2025-11-08 12:58:48,929 - INFO - CPU test target shape: (501,)
2025-11-08 12:58:48,929 - INFO - 
=== Training Hybrid Models (Quick Mode - Optimized) ===
2025-11-08 12:58:48,929 - INFO - GPU acceleration: ENABLED
2025-11-08 12:58:48,929 - INFO - Memory参数组合数: 243
2025-11-08 12:58:48,929 - INFO - CPU参数组合数: 32
2025-11-08 12:58:48,929 - INFO - GPU support detected. Using GPU for training...
2025-11-08 12:58:48,929 - INFO - 
--- Training Memory Regression Model ---
2025-11-08 13:08:27,770 - INFO - Memory训练耗时: 578.84秒
2025-11-08 13:08:27,770 - INFO - Memory best parameters: {'learning_rate': 0.05, 'max_depth': 7, 'min_child_samples': 30, 'n_estimators': 100, 'num_leaves': 31}
2025-11-08 13:08:27,770 - INFO - Memory best CV score (R²): 0.7943
2025-11-08 13:08:27,770 - INFO - 
--- Training CPU Classification Model ---
2025-11-08 13:08:27,770 - INFO - 
--- 跳过CPU模型训练（专注于Memory优化）---
2025-11-08 13:08:31,077 - INFO - CPU模型使用默认参数（跳过训练）
2025-11-08 13:08:31,077 - INFO - 
Total training time: 582.15 seconds
2025-11-08 13:08:31,077 - INFO - 
=== Model Performance ===
2025-11-08 13:08:31,077 - INFO - 
--- Memory Regression Model (LGBMRegressor) ---
2025-11-08 13:08:31,094 - INFO -   Training R²: 0.8630, MAE: 0.0957, RMSE: 0.1183
2025-11-08 13:08:31,094 - INFO -   Test R²: 0.8021, MAE: 0.1125, RMSE: 0.1389
2025-11-08 13:08:31,094 - INFO - 
--- CPU Classification Model (LGBMClassifier) ---
2025-11-08 13:08:31,401 - INFO -   Training Accuracy: 0.7577, F1 (weighted): 0.7396
2025-11-08 13:08:31,402 - INFO -   Test Accuracy: 0.4790, F1 (weighted): 0.3916
2025-11-08 13:08:31,402 - INFO - 
  Test Confusion Matrix:
2025-11-08 13:08:31,402 - INFO - 
[[  0   1   0   4   0   0   0]
 [  0   5   0  85   3   0   0]
 [  0   0   0   2   0   0   0]
 [  0  12   0 222  28   1   0]
 [  0  11   0 100  13   0   0]
 [  0   0   0  10   1   0   0]
 [  0   0   0   3   0   0   0]]
2025-11-08 13:08:31,405 - INFO - 
  Reference Metrics (converted from classification):
2025-11-08 13:08:31,405 - INFO -   Training MAE: 0.0257, RMSE: 0.0535
2025-11-08 13:08:31,405 - INFO -   Test MAE: 0.0587, RMSE: 0.0859
2025-11-08 13:08:31,405 - INFO - Creating visualizations...
2025-11-08 13:10:54,620 - INFO - Visualizations saved to plots/ directory
2025-11-08 13:10:54,743 - INFO - Models saved successfully!
2025-11-08 13:10:54,743 - INFO - Training history saved to logs\training_history_20251108_131054.json
