2025-11-08 12:30:30,552 - INFO - ============================================================
2025-11-08 12:30:30,552 - INFO - Dryad BMv2 Enhanced Predictor Initialized
2025-11-08 12:30:30,552 - INFO - GPU acceleration: ENABLED
2025-11-08 12:30:30,552 - INFO - ============================================================
2025-11-08 12:30:30,552 - INFO - === Loading and Processing Data ===
2025-11-08 12:30:30,559 - INFO - Loaded 2503 records
2025-11-08 12:30:30,559 - INFO - Checking data quality...
2025-11-08 12:30:30,563 - INFO - CPU stats: mean=0.508, std=0.079
2025-11-08 12:30:30,563 - INFO - Memory stats: mean=26.867, std=0.318
2025-11-08 12:30:30,626 - INFO - Creating enhanced derived features...
2025-11-08 12:30:30,659 - INFO - Added enhanced derived features. Final shape: (2503, 16)
2025-11-08 12:30:30,660 - INFO - CPU unique values (×100): [30 39 40 49 50 59 60 70 80 90]
2025-11-08 12:30:30,660 - INFO - CPU number of classes: 10
2025-11-08 12:30:30,660 - INFO - CPU class distribution:
2025-11-08 12:30:30,660 - INFO -   0.30 (30): 22 samples (0.88%)
2025-11-08 12:30:30,660 - INFO -   0.39 (39): 1 samples (0.04%)
2025-11-08 12:30:30,660 - INFO -   0.40 (40): 517 samples (20.66%)
2025-11-08 12:30:30,660 - INFO -   0.49 (49): 3 samples (0.12%)
2025-11-08 12:30:30,660 - INFO -   0.50 (50): 1280 samples (51.14%)
2025-11-08 12:30:30,660 - INFO -   0.59 (59): 3 samples (0.12%)
2025-11-08 12:30:30,660 - INFO -   0.60 (60): 604 samples (24.13%)
2025-11-08 12:30:30,661 - INFO -   0.70 (70): 62 samples (2.48%)
2025-11-08 12:30:30,661 - INFO -   0.80 (80): 10 samples (0.40%)
2025-11-08 12:30:30,661 - INFO -   0.90 (90): 1 samples (0.04%)
2025-11-08 12:30:30,661 - INFO - Feature matrix shape: (2503, 16)
2025-11-08 12:30:30,661 - INFO - Memory target shape: (2503,)
2025-11-08 12:30:30,661 - INFO - CPU categorical target shape: (2503,)
2025-11-08 12:30:30,661 - INFO - CPU range: 0.30 - 0.90
2025-11-08 12:30:30,661 - INFO - Memory range: 26.03 - 27.68
2025-11-08 12:30:30,665 - INFO - Training samples: 2002
2025-11-08 12:30:30,665 - INFO - Test samples: 501
2025-11-08 12:30:30,665 - INFO - Memory training target shape: (2002,)
2025-11-08 12:30:30,665 - INFO - Memory test target shape: (501,)
2025-11-08 12:30:30,665 - INFO - CPU training target shape: (2002,)
2025-11-08 12:30:30,665 - INFO - CPU test target shape: (501,)
2025-11-08 12:30:30,665 - INFO - 
=== Training Hybrid Models (Quick Mode - Optimized) ===
2025-11-08 12:30:30,665 - INFO - GPU acceleration: ENABLED
2025-11-08 12:30:30,665 - INFO - Memory参数组合数: 243
2025-11-08 12:30:30,665 - INFO - CPU参数组合数: 32
2025-11-08 12:30:30,665 - INFO - GPU support detected. Using GPU for training...
2025-11-08 12:30:30,665 - INFO - 
--- Training Memory Regression Model ---
2025-11-08 12:48:39,964 - INFO - Memory训练耗时: 1089.30秒
2025-11-08 12:48:39,964 - INFO - Memory best parameters: {'learning_rate': 0.03, 'max_depth': 8, 'min_child_samples': 25, 'n_estimators': 200, 'num_leaves': 100}
2025-11-08 12:48:39,964 - INFO - Memory best CV score (R²): 0.7887
2025-11-08 12:48:39,964 - INFO - 
--- Training CPU Classification Model ---
2025-11-08 12:48:39,964 - INFO - 
--- 跳过CPU模型训练（专注于Memory优化）---
2025-11-08 12:48:42,842 - INFO - CPU模型使用默认参数（跳过训练）
