nohup: 忽略输入
================================================================================
Genetic Algorithm Multi-Core Optimization System (V2)
Parallel Cores: 92
Depth Range: 4 to 38 (35 depths)
================================================================================

================================================================================
Processing: Config1 - 极低资源 (边缘/IoT)
Limits: TCAM=5.0%, SRAM=1.0%, Stages=1
================================================================================

Launching parallel exploration for 35 depths...
Starting parallel exploration with 35 processes...

Depth |  Status  |    Rules |   TCAM% |   SRAM% | Stages |  T-Util |  S-Util | St-Util |     F1
----------------------------------------------------------------------------------------------------
    4 |    OK    |       16 |    1.21 |    0.17 |      1 |   24.2% |    0.0% |    0.0% | 73.52%
    5 |    OK    |       31 |    1.21 |    0.17 |      1 |   24.2% |    0.0% |    0.0% | 77.63%
    6 |    OK    |       54 |    1.21 |    0.17 |      1 |   24.2% |    0.0% |    0.0% | 82.88%
    7 |    OK    |       84 |    1.21 |    0.17 |      1 |   24.2% |    0.0% |    0.0% | 84.30%
    8 |    OK    |      132 |    1.18 |    0.18 |      1 |   23.6% |    0.0% |    0.0% | 85.28%
    9 |    OK    |      192 |    1.33 |    0.18 |      1 |   26.6% |    0.0% |    0.0% | 86.61%
   10 |    OK    |      276 |    2.35 |    0.18 |      1 |   47.1% |    0.0% |    0.0% | 86.86%
   11 |    OK    |      382 |    2.67 |    0.17 |      1 |   53.4% |    0.0% |    0.0% | 87.45%
   12 |    OK    |      506 |    3.58 |    0.18 |      1 |   71.5% |    0.0% |    0.0% | 88.16%
   13 |    OK    |      604 |    3.84 |    0.18 |      1 |   76.8% |    0.0% |    0.0% | 88.20%
   14 |    OK    |      777 |    4.82 |    0.18 |      1 |   96.5% |    0.0% |    0.0% | 88.22%
   15 |   FAIL   |        - |       - |       - |      - |       - |       - |       - |      -  (Exceeded)
   16 |   FAIL   |        - |       - |       - |      - |       - |       - |       - |      -  (Exceeded)
   17 |   FAIL   |        - |       - |       - |      - |       - |       - |       - |      -  (Exceeded)
   18 |   FAIL   |        - |       - |       - |      - |       - |       - |       - |      -  (Exceeded)
   19 |   FAIL   |        - |       - |       - |      - |       - |       - |       - |      -  (Exceeded)
   20 |   FAIL   |        - |       - |       - |      - |       - |       - |       - |      -  (Exceeded)
   21 |   FAIL   |        - |       - |       - |      - |       - |       - |       - |      -  (Exceeded)
   22 |   FAIL   |        - |       - |       - |      - |       - |       - |       - |      -  (Exceeded)
   23 |   FAIL   |        - |       - |       - |      - |       - |       - |       - |      -  (Exceeded)
   24 |   FAIL   |        - |       - |       - |      - |       - |       - |       - |      -  (Exceeded)
   25 |   FAIL   |        - |       - |       - |      - |       - |       - |       - |      -  (Exceeded)
   26 |   FAIL   |        - |       - |       - |      - |       - |       - |       - |      -  (Exceeded)
   27 |   FAIL   |        - |       - |       - |      - |       - |       - |       - |      -  (Exceeded)
   28 |   FAIL   |        - |       - |       - |      - |       - |       - |       - |      -  (Exceeded)
   29 |   FAIL   |        - |       - |       - |      - |       - |       - |       - |      -  (Exceeded)
   30 |   FAIL   |        - |       - |       - |      - |       - |       - |       - |      -  (Exceeded)
   31 |   FAIL   |        - |       - |       - |      - |       - |       - |       - |      -  (Exceeded)
   32 |   FAIL   |        - |       - |       - |      - |       - |       - |       - |      -  (Exceeded)
   33 |   FAIL   |        - |       - |       - |      - |       - |       - |       - |      -  (Exceeded)
   34 |   FAIL   |        - |       - |       - |      - |       - |       - |       - |      -  (Exceeded)
   35 |   FAIL   |        - |       - |       - |      - |       - |       - |       - |      -  (Exceeded)
   36 |   FAIL   |        - |       - |       - |      - |       - |       - |       - |      -  (Exceeded)
   37 |   FAIL   |        - |       - |       - |      - |       - |       - |       - |      -  (Exceeded)
   38 |   FAIL   |        - |       - |       - |      - |       - |       - |       - |      -  (Exceeded)

>> OPTIMAL: Depth=4, F1=73.52%, Rules=16
   Resource: TCAM=1.21%, SRAM=0.17%, Stages=1
   Match Config: {'Total length': 'range', 'Protocol': 'ternary', 'IPV4 Flags (DF)': 'ternary', 'Time to live': 'range', 'Src Port': 'range', 'Dst Port': 'range', 'TCP flags (Reset)': 'ternary', 'TCP flags (Syn)': 'lpm'}
   Time: 264.43s

================================================================================
Processing: Config2 - 中低资源 (接入层)
Limits: TCAM=30.0%, SRAM=4.0%, Stages=4
================================================================================

Launching parallel exploration for 35 depths...
Starting parallel exploration with 35 processes...

Depth |  Status  |    Rules |   TCAM% |   SRAM% | Stages |  T-Util |  S-Util | St-Util |     F1
----------------------------------------------------------------------------------------------------
    4 |    OK    |       16 |    1.21 |    0.17 |      1 |    4.0% |    0.0% |    0.0% | 73.52%
    5 |    OK    |       31 |    1.21 |    0.17 |      1 |    4.0% |    0.0% |    0.0% | 77.63%
    6 |    OK    |       54 |    1.21 |    0.17 |      1 |    4.0% |    0.0% |    0.0% | 82.88%
    7 |    OK    |       84 |    1.21 |    0.17 |      1 |    4.0% |    0.0% |    0.0% | 84.30%
    8 |    OK    |      132 |    1.18 |    0.18 |      1 |    3.9% |    0.0% |    0.0% | 85.28%
    9 |    OK    |      192 |    1.33 |    0.18 |      1 |    4.4% |    0.0% |    0.0% | 86.61%
   10 |    OK    |      276 |    2.35 |    0.18 |      1 |    7.8% |    0.0% |    0.0% | 86.86%
   11 |    OK    |      382 |    2.67 |    0.17 |      1 |    8.9% |    0.0% |    0.0% | 87.45%
   12 |    OK    |      506 |    3.58 |    0.18 |      1 |   11.9% |    0.0% |    0.0% | 88.16%
   13 |    OK    |      604 |    3.84 |    0.18 |      1 |   12.8% |    0.0% |    0.0% | 88.20%
   14 |    OK    |      777 |    4.82 |    0.18 |      1 |   16.1% |    0.0% |    0.0% | 88.22%
   15 |    OK    |     1068 |    7.86 |    0.18 |      1 |   26.2% |    0.0% |    0.0% | 88.24%
   16 |    OK    |      890 |    6.08 |    0.17 |      1 |   20.3% |    0.0% |    0.0% | 88.28%
   17 |    OK    |     1310 |   10.14 |    0.21 |      2 |   33.8% |    0.0% |    0.0% | 88.32%
   18 |    OK    |     1465 |   10.86 |    0.21 |      2 |   36.2% |    0.0% |    0.0% | 88.36%
   19 |    OK    |     1602 |   11.60 |    0.21 |      2 |   38.7% |    0.0% |    0.0% | 88.40%
   20 |    OK    |     3821 |   26.46 |    0.37 |      4 |   88.2% |    0.0% |    0.0% | 88.43%
   21 |    OK    |     3520 |   24.26 |    0.37 |      4 |   80.9% |    0.0% |    0.0% | 88.44%
   22 |    OK    |     3614 |   24.26 |    0.37 |      4 |   80.9% |    0.0% |    0.0% | 88.45%
   23 |    OK    |     1850 |   13.62 |    0.22 |      2 |   45.4% |    0.0% |    0.0% | 88.45%
   24 |    OK    |     3751 |   26.46 |    0.37 |      4 |   88.2% |    0.0% |    0.0% | 88.46%
   25 |    OK    |     2172 |   15.04 |    0.25 |      2 |   50.1% |    0.0% |    0.0% | 88.46%
   26 |    OK    |     1542 |   11.12 |    0.21 |      2 |   37.1% |    0.0% |    0.0% | 88.47%
   27 |    OK    |     3871 |   26.46 |    0.37 |      4 |   88.2% |    0.0% |    0.0% | 88.48%
   28 |    OK    |     3907 |   26.46 |    0.38 |      4 |   88.2% |    0.0% |    0.0% | 88.49%
   29 |    OK    |     3940 |   28.65 |    0.37 |      4 |   95.5% |    0.0% |    0.0% | 88.49%
   30 |    OK    |     2279 |   15.76 |    0.26 |      3 |   52.5% |    0.0% |    0.0% | 88.50%
   31 |    OK    |     3977 |   28.59 |    0.37 |      4 |   95.3% |    0.0% |    0.0% | 88.50%
   32 |    OK    |     4001 |   28.54 |    0.37 |      4 |   95.1% |    0.0% |    0.0% | 88.51%
   33 |    OK    |     4001 |   28.54 |    0.37 |      4 |   95.1% |    0.0% |    0.0% | 88.51%
   34 |    OK    |     4013 |   28.54 |    0.37 |      4 |   95.1% |    0.0% |    0.0% | 88.51%
   35 |    OK    |     2312 |   16.14 |    0.26 |      3 |   53.8% |    0.0% |    0.0% | 88.51%
   36 |    OK    |     4024 |   28.70 |    0.37 |      4 |   95.7% |    0.0% |    0.0% | 88.52%
   37 |    OK    |     4023 |   28.74 |    0.37 |      4 |   95.8% |    0.0% |    0.0% | 88.52%
   38 |    OK    |     2318 |   16.14 |    0.26 |      3 |   53.8% |    0.0% |    0.0% | 88.52%

>> OPTIMAL: Depth=12, F1=88.16%, Rules=506
   Resource: TCAM=3.58%, SRAM=0.18%, Stages=1
   Match Config: {'Total length': 'range', 'Protocol': 'lpm', 'IPV4 Flags (DF)': 'ternary', 'Time to live': 'range', 'Src Port': 'range', 'Dst Port': 'range', 'TCP flags (Reset)': 'ternary', 'TCP flags (Syn)': 'ternary'}
   Time: 195.03s

================================================================================
Processing: Config3 - 中高资源 (汇聚层)
Limits: TCAM=55.0%, SRAM=7.0%, Stages=8
================================================================================

Launching parallel exploration for 35 depths...
Starting parallel exploration with 35 processes...
