nohup: 忽略输入
================================================================================
Genetic Algorithm Multi-Core Optimization System (V2)
Parallel Cores: 92
Depth Range: 4 to 38 (35 depths)
================================================================================

================================================================================
Processing: Config1 - 极低资源 (边缘/IoT)
Limits: TCAM=5.0%, SRAM=1.0%, Stages=1
================================================================================

Launching parallel exploration for 35 depths...
Starting parallel exploration with 35 processes...

Depth |  Status  |    Rules |   TCAM% |   SRAM% | Stages |  T-Util |  S-Util | St-Util |     F1
----------------------------------------------------------------------------------------------------
    4 |    OK    |       16 |    1.21 |    0.17 |      1 |   24.2% |    0.0% |    0.0% | 73.52%
    5 |    OK    |       31 |    1.21 |    0.17 |      1 |   24.2% |    0.0% |    0.0% | 77.63%
    6 |    OK    |       54 |    1.21 |    0.17 |      1 |   24.2% |    0.0% |    0.0% | 82.88%
    7 |    OK    |       84 |    1.21 |    0.17 |      1 |   24.2% |    0.0% |    0.0% | 84.30%
    8 |    OK    |      132 |    1.18 |    0.18 |      1 |   23.6% |    0.0% |    0.0% | 85.28%
    9 |    OK    |      192 |    1.33 |    0.18 |      1 |   26.6% |    0.0% |    0.0% | 86.61%
   10 |    OK    |      276 |    2.35 |    0.18 |      1 |   47.1% |    0.0% |    0.0% | 86.86%
   11 |    OK    |      382 |    2.67 |    0.17 |      1 |   53.4% |    0.0% |    0.0% | 87.45%
   12 |    OK    |      506 |    3.58 |    0.18 |      1 |   71.5% |    0.0% |    0.0% | 88.16%
   13 |    OK    |      604 |    3.84 |    0.18 |      1 |   76.8% |    0.0% |    0.0% | 88.20%
   14 |    OK    |      777 |    4.82 |    0.18 |      1 |   96.5% |    0.0% |    0.0% | 88.22%
   15 |   FAIL   |        - |       - |       - |      - |       - |       - |       - |      -  (Exceeded)
   16 |   FAIL   |        - |       - |       - |      - |       - |       - |       - |      -  (Exceeded)
   17 |   FAIL   |        - |       - |       - |      - |       - |       - |       - |      -  (Exceeded)
   18 |   FAIL   |        - |       - |       - |      - |       - |       - |       - |      -  (Exceeded)
   19 |   FAIL   |        - |       - |       - |      - |       - |       - |       - |      -  (Exceeded)
   20 |   FAIL   |        - |       - |       - |      - |       - |       - |       - |      -  (Exceeded)
   21 |   FAIL   |        - |       - |       - |      - |       - |       - |       - |      -  (Exceeded)
   22 |   FAIL   |        - |       - |       - |      - |       - |       - |       - |      -  (Exceeded)
   23 |   FAIL   |        - |       - |       - |      - |       - |       - |       - |      -  (Exceeded)
   24 |   FAIL   |        - |       - |       - |      - |       - |       - |       - |      -  (Exceeded)
   25 |   FAIL   |        - |       - |       - |      - |       - |       - |       - |      -  (Exceeded)
   26 |   FAIL   |        - |       - |       - |      - |       - |       - |       - |      -  (Exceeded)
   27 |   FAIL   |        - |       - |       - |      - |       - |       - |       - |      -  (Exceeded)
   28 |   FAIL   |        - |       - |       - |      - |       - |       - |       - |      -  (Exceeded)
   29 |   FAIL   |        - |       - |       - |      - |       - |       - |       - |      -  (Exceeded)
   30 |   FAIL   |        - |       - |       - |      - |       - |       - |       - |      -  (Exceeded)
   31 |   FAIL   |        - |       - |       - |      - |       - |       - |       - |      -  (Exceeded)
   32 |   FAIL   |        - |       - |       - |      - |       - |       - |       - |      -  (Exceeded)
   33 |   FAIL   |        - |       - |       - |      - |       - |       - |       - |      -  (Exceeded)
   34 |   FAIL   |        - |       - |       - |      - |       - |       - |       - |      -  (Exceeded)
   35 |   FAIL   |        - |       - |       - |      - |       - |       - |       - |      -  (Exceeded)
   36 |   FAIL   |        - |       - |       - |      - |       - |       - |       - |      -  (Exceeded)
   37 |   FAIL   |        - |       - |       - |      - |       - |       - |       - |      -  (Exceeded)
   38 |   FAIL   |        - |       - |       - |      - |       - |       - |       - |      -  (Exceeded)

>> OPTIMAL: Depth=4, F1=73.52%, Rules=16
   Resource: TCAM=1.21%, SRAM=0.17%, Stages=1
   Match Config: {'Total length': 'range', 'Protocol': 'ternary', 'IPV4 Flags (DF)': 'ternary', 'Time to live': 'range', 'Src Port': 'range', 'Dst Port': 'range', 'TCP flags (Reset)': 'ternary', 'TCP flags (Syn)': 'lpm'}
   Time: 261.21s

================================================================================
Processing: Config2 - 中低资源 (接入层)
Limits: TCAM=30.0%, SRAM=4.0%, Stages=4
================================================================================

Launching parallel exploration for 35 depths...
Starting parallel exploration with 35 processes...

Depth |  Status  |    Rules |   TCAM% |   SRAM% | Stages |  T-Util |  S-Util | St-Util |     F1
----------------------------------------------------------------------------------------------------
    4 |    OK    |       16 |    1.21 |    0.17 |      1 |    4.0% |    0.0% |    0.0% | 73.52%
    5 |    OK    |       31 |    1.21 |    0.17 |      1 |    4.0% |    0.0% |    0.0% | 77.63%
    6 |    OK    |       54 |    1.21 |    0.17 |      1 |    4.0% |    0.0% |    0.0% | 82.88%
    7 |    OK    |       84 |    1.21 |    0.17 |      1 |    4.0% |    0.0% |    0.0% | 84.30%
    8 |    OK    |      132 |    1.18 |    0.18 |      1 |    3.9% |    0.0% |    0.0% | 85.28%
    9 |    OK    |      192 |    1.33 |    0.18 |      1 |    4.4% |    0.0% |    0.0% | 86.61%
   10 |    OK    |      276 |    2.35 |    0.18 |      1 |    7.8% |    0.0% |    0.0% | 86.86%
   11 |    OK    |      382 |    2.67 |    0.17 |      1 |    8.9% |    0.0% |    0.0% | 87.45%
   12 |    OK    |      506 |    3.58 |    0.18 |      1 |   11.9% |    0.0% |    0.0% | 88.16%
   13 |    OK    |      604 |    3.84 |    0.18 |      1 |   12.8% |    0.0% |    0.0% | 88.20%
   14 |    OK    |      777 |    4.82 |    0.18 |      1 |   16.1% |    0.0% |    0.0% | 88.22%
   15 |    OK    |     1068 |    7.86 |    0.18 |      1 |   26.2% |    0.0% |    0.0% | 88.24%
   16 |    OK    |      890 |    6.08 |    0.17 |      1 |   20.3% |    0.0% |    0.0% | 88.28%
   17 |    OK    |     1310 |   10.14 |    0.21 |      2 |   33.8% |    0.0% |    0.0% | 88.32%
   18 |    OK    |     1465 |   10.86 |    0.21 |      2 |   36.2% |    0.0% |    0.0% | 88.36%
   19 |    OK    |     1602 |   11.60 |    0.21 |      2 |   38.7% |    0.0% |    0.0% | 88.40%
   20 |    OK    |     1914 |   14.11 |    0.23 |      2 |   47.0% |    0.0% |    0.0% | 88.43%
   21 |    OK    |     1760 |   12.74 |    0.22 |      2 |   42.5% |    0.0% |    0.0% | 88.44%
   22 |    OK    |     1807 |   12.97 |    0.22 |      2 |   43.2% |    0.0% |    0.0% | 88.45%
   23 |    OK    |     1850 |   13.62 |    0.22 |      2 |   45.4% |    0.0% |    0.0% | 88.45%
   24 |    OK    |     1879 |   14.08 |    0.22 |      2 |   46.9% |    0.0% |    0.0% | 88.46%
   25 |    OK    |     2172 |   15.04 |    0.25 |      2 |   50.1% |    0.0% |    0.0% | 88.46%
   26 |    OK    |     1542 |   11.12 |    0.21 |      2 |   37.1% |    0.0% |    0.0% | 88.47%
   27 |    OK    |     1939 |   14.11 |    0.23 |      2 |   47.0% |    0.0% |    0.0% | 88.48%
   28 |    OK    |     1957 |   14.11 |    0.23 |      2 |   47.0% |    0.0% |    0.0% | 88.49%
   29 |    OK    |     1970 |   14.11 |    0.23 |      2 |   47.0% |    0.0% |    0.0% | 88.49%
   30 |    OK    |     2279 |   15.76 |    0.26 |      3 |   52.5% |    0.0% |    0.0% | 88.50%
   31 |    OK    |     1992 |   14.11 |    0.23 |      2 |   47.0% |    0.0% |    0.0% | 88.50%
   32 |    OK    |     2004 |   14.11 |    0.23 |      2 |   47.0% |    0.0% |    0.0% | 88.51%
   33 |    OK    |     2004 |   14.11 |    0.23 |      2 |   47.0% |    0.0% |    0.0% | 88.51%
   34 |    OK    |     2010 |   14.11 |    0.23 |      2 |   47.0% |    0.0% |    0.0% | 88.51%
   35 |    OK    |     2312 |   16.14 |    0.26 |      3 |   53.8% |    0.0% |    0.0% | 88.51%
   36 |    OK    |     2012 |   14.11 |    0.23 |      2 |   47.0% |    0.0% |    0.0% | 88.52%
   37 |    OK    |     2015 |   14.11 |    0.23 |      2 |   47.0% |    0.0% |    0.0% | 88.52%
   38 |    OK    |     2318 |   16.14 |    0.26 |      3 |   53.8% |    0.0% |    0.0% | 88.52%

>> OPTIMAL: Depth=9, F1=86.61%, Rules=192
   Resource: TCAM=1.33%, SRAM=0.18%, Stages=1
   Match Config: {'Total length': 'range', 'Protocol': 'lpm', 'IPV4 Flags (DF)': 'ternary', 'Time to live': 'range', 'Src Port': 'range', 'Dst Port': 'range', 'TCP flags (Reset)': 'ternary', 'TCP flags (Syn)': 'ternary'}
   Time: 209.54s

================================================================================
Processing: Config3 - 中高资源 (汇聚层)
Limits: TCAM=55.0%, SRAM=7.0%, Stages=8
================================================================================

Launching parallel exploration for 35 depths...
Starting parallel exploration with 35 processes...

Depth |  Status  |    Rules |   TCAM% |   SRAM% | Stages |  T-Util |  S-Util | St-Util |     F1
----------------------------------------------------------------------------------------------------
    4 |    OK    |       16 |    1.21 |    0.17 |      1 |    2.2% |    0.0% |    0.0% | 73.52%
    5 |    OK    |       31 |    1.21 |    0.17 |      1 |    2.2% |    0.0% |    0.0% | 77.63%
    6 |    OK    |       54 |    1.21 |    0.17 |      1 |    2.2% |    0.0% |    0.0% | 82.88%
    7 |    OK    |       84 |    1.21 |    0.17 |      1 |    2.2% |    0.0% |    0.0% | 84.30%
    8 |    OK    |      132 |    1.18 |    0.18 |      1 |    2.1% |    0.0% |    0.0% | 85.28%
    9 |    OK    |      192 |    1.33 |    0.18 |      1 |    2.4% |    0.0% |    0.0% | 86.61%
   10 |    OK    |    10244 |   54.52 |    0.71 |      7 |   99.1% |    0.0% |    0.0% | 86.86%
   11 |    OK    |    10072 |   52.89 |    0.75 |      7 |   96.2% |    0.0% |    0.0% | 87.45%
   12 |    OK    |    10076 |   54.00 |    0.75 |      7 |   98.2% |    0.0% |    0.0% | 88.16%
   13 |    OK    |    10005 |   52.24 |    0.73 |      7 |   95.0% |    0.0% |    0.0% | 88.20%
   14 |    OK    |    10248 |   54.18 |    0.73 |      7 |   98.5% |    0.0% |    0.0% | 88.22%
   15 |    OK    |    10512 |   54.89 |    0.74 |      7 |   99.8% |    0.0% |    0.0% | 88.24%
   16 |    OK    |     7120 |   52.79 |    0.76 |      7 |   96.0% |    0.0% |    0.0% | 88.28%
   17 |    OK    |     9192 |   47.79 |    0.65 |      6 |   86.9% |    0.0% |    0.0% | 88.32%
   18 |    OK    |     9892 |   51.54 |    0.71 |      7 |   93.7% |    0.0% |    0.0% | 88.36%
   19 |    OK    |    10494 |   54.59 |    0.73 |      7 |   99.3% |    0.0% |    0.0% | 88.40%
   20 |    OK    |    10704 |   54.99 |    0.68 |      7 |  100.0% |    0.0% |    0.0% | 88.43%
   21 |    OK    |     7026 |   53.17 |    0.76 |      7 |   96.7% |    0.0% |    0.0% | 88.44%
   22 |    OK    |     7228 |   54.69 |    0.74 |      7 |   99.4% |    0.0% |    0.0% | 88.45%
   23 |    OK    |     7400 |   54.98 |    0.74 |      7 |  100.0% |    0.0% |    0.0% | 88.45%
   24 |    OK    |     7516 |   54.99 |    0.73 |      7 |  100.0% |    0.0% |    0.0% | 88.46%
   25 |    OK    |    10865 |   54.92 |    0.71 |      7 |   99.9% |    0.0% |    0.0% | 88.46%
   26 |    OK    |    10034 |   52.45 |    0.72 |      7 |   95.4% |    0.0% |    0.0% | 88.47%
   27 |    OK    |    10083 |   53.56 |    0.71 |      7 |   97.4% |    0.0% |    0.0% | 88.48%
   28 |    OK    |    10103 |   54.11 |    0.71 |      7 |   98.4% |    0.0% |    0.0% | 88.49%
   29 |    OK    |    10100 |   54.11 |    0.71 |      7 |   98.4% |    0.0% |    0.0% | 88.49%
   30 |    OK    |    10658 |   54.91 |    0.72 |      7 |   99.8% |    0.0% |    0.0% | 88.50%
   31 |    OK    |    10180 |   54.47 |    0.75 |      7 |   99.0% |    0.0% |    0.0% | 88.50%
   32 |    OK    |     8002 |   54.88 |    0.73 |      7 |   99.8% |    0.0% |    0.0% | 88.51%
   33 |    OK    |    10218 |   54.47 |    0.75 |      7 |   99.0% |    0.0% |    0.0% | 88.51%
   34 |    OK    |    10120 |   54.04 |    0.75 |      7 |   98.3% |    0.0% |    0.0% | 88.51%
   35 |    OK    |     4617 |   31.73 |    0.40 |      4 |   57.7% |    0.0% |    0.0% | 88.51%
   36 |    OK    |    10250 |   54.23 |    0.71 |      7 |   98.6% |    0.0% |    0.0% | 88.52%
   37 |    OK    |    10263 |   54.23 |    0.71 |      7 |   98.6% |    0.0% |    0.0% | 88.52%
   38 |    OK    |     4629 |   31.71 |    0.40 |      4 |   57.7% |    0.0% |    0.0% | 88.52%

>> OPTIMAL: Depth=22, F1=88.45%, Rules=7228
   Resource: TCAM=54.69%, SRAM=0.74%, Stages=7
   Match Config: {'Total length': 'range', 'Protocol': 'exact', 'IPV4 Flags (DF)': 'exact', 'Time to live': 'range', 'Src Port': 'range', 'Dst Port': 'range', 'TCP flags (Reset)': 'lpm', 'TCP flags (Syn)': 'ternary'}
   Time: 237.01s

================================================================================
Processing: Config4 - 高资源 (核心层)
Limits: TCAM=80.0%, SRAM=10.0%, Stages=12
================================================================================

Launching parallel exploration for 35 depths...
Starting parallel exploration with 35 processes...

Depth |  Status  |    Rules |   TCAM% |   SRAM% | Stages |  T-Util |  S-Util | St-Util |     F1
----------------------------------------------------------------------------------------------------
    4 |    OK    |    11368 |   59.65 |    0.68 |      7 |   74.6% |    0.0% |    0.0% | 73.52%
    5 |    OK    |    15392 |   75.99 |    1.02 |      9 |   95.0% |    0.0% |    0.0% | 77.63%
    6 |    OK    |    15720 |   79.99 |    1.02 |     10 |  100.0% |    0.0% |    0.0% | 82.88%
    7 |    OK    |    14992 |   78.58 |    1.05 |     10 |   98.2% |    0.0% |    0.0% | 84.30%
    8 |    OK    |    14548 |   74.86 |    0.93 |      9 |   93.6% |    0.0% |    0.0% | 85.28%
    9 |    OK    |    15602 |   79.99 |    1.03 |     10 |  100.0% |    0.0% |    0.0% | 86.61%
   10 |    OK    |    15264 |   77.00 |    1.06 |     10 |   96.3% |    0.0% |    0.0% | 86.86%
   11 |    OK    |    15556 |   79.21 |    1.04 |     10 |   99.0% |    0.0% |    0.0% | 87.45%
   12 |    OK    |    15996 |   78.77 |    1.02 |     10 |   98.5% |    0.0% |    0.0% | 88.16%
   13 |    OK    |    15591 |   79.97 |    1.03 |     10 |  100.0% |    0.0% |    0.0% | 88.20%
   14 |    OK    |    14960 |   77.62 |    1.06 |     10 |   97.0% |    0.0% |    0.0% | 88.22%
   15 |    OK    |    15147 |   77.22 |    1.01 |     10 |   96.5% |    0.0% |    0.0% | 88.24%
   16 |    OK    |    13814 |   74.11 |    0.96 |      9 |   92.6% |    0.0% |    0.0% | 88.28%
   17 |    OK    |    15594 |   79.64 |    1.04 |     10 |   99.6% |    0.0% |    0.0% | 88.32%
   18 |    OK    |    11720 |   79.81 |    1.01 |     10 |   99.8% |    0.0% |    0.0% | 88.36%
   19 |    OK    |    14908 |   77.25 |    1.04 |     10 |   96.6% |    0.0% |    0.0% | 88.40%
   20 |    OK    |    11547 |   60.13 |    0.83 |      8 |   75.2% |    0.0% |    0.0% | 88.43%
   21 |    OK    |    15330 |   77.53 |    1.05 |     10 |   96.9% |    0.0% |    0.0% | 88.44%
   22 |    OK    |    14590 |   75.80 |    0.99 |      9 |   94.8% |    0.0% |    0.0% | 88.45%
   23 |    OK    |    11356 |   59.27 |    0.75 |      7 |   74.1% |    0.0% |    0.0% | 88.45%
   24 |    OK    |    15218 |   78.51 |    1.07 |     10 |   98.1% |    0.0% |    0.0% | 88.46%
   25 |    OK    |    12466 |   65.30 |    0.86 |      8 |   81.6% |    0.0% |    0.0% | 88.46%
   26 |    OK    |    14986 |   77.52 |    1.05 |     10 |   96.9% |    0.0% |    0.0% | 88.47%
   27 |    OK    |    11749 |   62.04 |    0.83 |      8 |   77.6% |    0.0% |    0.0% | 88.48%
   28 |    OK    |    11785 |   62.18 |    0.83 |      8 |   77.7% |    0.0% |    0.0% | 88.49%
   29 |    OK    |    11723 |   62.04 |    0.83 |      8 |   77.6% |    0.0% |    0.0% | 88.49%
   30 |    OK    |    13336 |   73.07 |    0.94 |      9 |   91.3% |    0.0% |    0.0% | 88.50%
   31 |    OK    |    11715 |   62.13 |    0.83 |      8 |   77.7% |    0.0% |    0.0% | 88.50%
   32 |    OK    |    11998 |   62.53 |    0.84 |      8 |   78.2% |    0.0% |    0.0% | 88.51%
   33 |    OK    |    11897 |   62.87 |    0.83 |      8 |   78.6% |    0.0% |    0.0% | 88.51%
   34 |    OK    |    11970 |   62.03 |    0.84 |      8 |   77.5% |    0.0% |    0.0% | 88.51%
   35 |    OK    |    13068 |   70.32 |    0.90 |      9 |   87.9% |    0.0% |    0.0% | 88.51%
   36 |    OK    |    11998 |   62.53 |    0.84 |      8 |   78.2% |    0.0% |    0.0% | 88.52%
   37 |    OK    |    12024 |   62.53 |    0.84 |      8 |   78.2% |    0.0% |    0.0% | 88.52%
   38 |    OK    |    13106 |   70.88 |    0.94 |      9 |   88.6% |    0.0% |    0.0% | 88.52%

>> OPTIMAL: Depth=24, F1=88.46%, Rules=15218
   Resource: TCAM=78.51%, SRAM=1.07%, Stages=10
   Match Config: {'Total length': 'range', 'Protocol': 'lpm', 'IPV4 Flags (DF)': 'ternary', 'Time to live': 'ternary', 'Src Port': 'range', 'Dst Port': 'ternary', 'TCP flags (Reset)': 'ternary', 'TCP flags (Syn)': 'ternary'}
   Time: 219.19s


================================================================================
EXPERIMENT SUMMARY
================================================================================

  Config   |  Depth |      F1 |    Rules |   TCAM% |   SRAM% | Stages |     Time
--------------------------------------------------------------------------------
 Config1   |      4 |  73.52% |       16 |    1.21 |    0.17 |      1 |  261.21s
 Config2   |      9 |  86.61% |      192 |    1.33 |    0.18 |      1 |  209.54s
 Config3   |     22 |  88.45% |     7228 |   54.69 |    0.74 |      7 |  237.01s
 Config4   |     24 |  88.46% |    15218 |   78.51 |    1.07 |     10 |  219.19s

Total Time: 926.96s
================================================================================

Results saved to: /mnt/8T/xgr/yaorunze/Dryad/src/ga_results.json
