nohup: 忽略输入

================================================================================
Config1 Gamma参数优化探索脚本（修正版）
搜索模式: binary
目标深度: 5
并行核心数: 92
深度范围: 4-38 (35个深度)
================================================================================

二分查找参数:
  搜索范围: [1.4, 1.5]
  最大迭代: 10
  收敛容差: 0.001

================================================================================
二分查找Gamma参数优化
目标深度: 5
搜索范围: [1.4, 1.5]
最大迭代: 10
收敛容差: 0.001
================================================================================

--- 迭代 1/10 ---

>> 测试 Gamma=1.400000

================================================================================
开始Gamma=1.400的完整深度探索实验
配置: Config1
Gamma: 1.400
深度范围: 4-38 (35个深度)
并行核心数: 92
================================================================================
启动并行探索，使用35个进程...

>> 最优解: Depth=6, F1=82.88%, Rules=54
   适应度: 1.063363
   资源: TCAM=1.21%, SRAM=0.17%, Stages=1
   匹配配置: {'Total length': 'range', 'Protocol': 'ternary', 'IPV4 Flags (DF)': 'ternary', 'Time to live': 'range', 'Src Port': 'range', 'Dst Port': 'range', 'TCP flags (Reset)': 'ternary', 'TCP flags (Syn)': 'lpm'}
   耗时: 270.35秒

>> 测试 Gamma=1.450000

================================================================================
开始Gamma=1.450的完整深度探索实验
配置: Config1
Gamma: 1.450
深度范围: 4-38 (35个深度)
并行核心数: 92
================================================================================
启动并行探索，使用35个进程...

>> 最优解: Depth=4, F1=73.52%, Rules=16
   适应度: 1.046008
   资源: TCAM=1.21%, SRAM=0.17%, Stages=1
   匹配配置: {'Total length': 'range', 'Protocol': 'ternary', 'IPV4 Flags (DF)': 'ternary', 'Time to live': 'range', 'Src Port': 'range', 'Dst Port': 'range', 'TCP flags (Reset)': 'ternary', 'TCP flags (Syn)': 'lpm'}
   耗时: 270.18秒

>> 测试 Gamma=1.500000

================================================================================
开始Gamma=1.500的完整深度探索实验
配置: Config1
Gamma: 1.500
深度范围: 4-38 (35个深度)
并行核心数: 92
================================================================================
启动并行探索，使用35个进程...

>> 最优解: Depth=4, F1=73.52%, Rules=16
   适应度: 1.030956
   资源: TCAM=1.21%, SRAM=0.17%, Stages=1
   匹配配置: {'Total length': 'range', 'Protocol': 'ternary', 'IPV4 Flags (DF)': 'ternary', 'Time to live': 'range', 'Src Port': 'range', 'Dst Port': 'range', 'TCP flags (Reset)': 'ternary', 'TCP flags (Syn)': 'lpm'}
   耗时: 259.49秒

深度分析:
  Gamma=1.400000 -> Depth=6
  Gamma=1.450000 -> Depth=4
  Gamma=1.500000 -> Depth=4

--- 迭代 2/10 ---

>> 测试 Gamma=1.400000

================================================================================
开始Gamma=1.400的完整深度探索实验
配置: Config1
Gamma: 1.400
深度范围: 4-38 (35个深度)
并行核心数: 92
================================================================================
启动并行探索，使用35个进程...

>> 最优解: Depth=6, F1=82.88%, Rules=54
   适应度: 1.063363
   资源: TCAM=1.21%, SRAM=0.17%, Stages=1
   匹配配置: {'Total length': 'range', 'Protocol': 'ternary', 'IPV4 Flags (DF)': 'ternary', 'Time to live': 'range', 'Src Port': 'range', 'Dst Port': 'range', 'TCP flags (Reset)': 'ternary', 'TCP flags (Syn)': 'lpm'}
   耗时: 267.03秒

>> 测试 Gamma=1.425000

================================================================================
开始Gamma=1.425的完整深度探索实验
配置: Config1
Gamma: 1.425
深度范围: 4-38 (35个深度)
并行核心数: 92
================================================================================
启动并行探索，使用35个进程...

>> 最优解: Depth=4, F1=73.52%, Rules=16
   适应度: 1.053533
   资源: TCAM=1.21%, SRAM=0.17%, Stages=1
   匹配配置: {'Total length': 'range', 'Protocol': 'ternary', 'IPV4 Flags (DF)': 'ternary', 'Time to live': 'range', 'Src Port': 'range', 'Dst Port': 'range', 'TCP flags (Reset)': 'ternary', 'TCP flags (Syn)': 'lpm'}
   耗时: 268.19秒

>> 测试 Gamma=1.450000

================================================================================
开始Gamma=1.450的完整深度探索实验
配置: Config1
Gamma: 1.450
深度范围: 4-38 (35个深度)
并行核心数: 92
================================================================================
启动并行探索，使用35个进程...

>> 最优解: Depth=4, F1=73.52%, Rules=16
   适应度: 1.046008
   资源: TCAM=1.21%, SRAM=0.17%, Stages=1
   匹配配置: {'Total length': 'range', 'Protocol': 'ternary', 'IPV4 Flags (DF)': 'ternary', 'Time to live': 'range', 'Src Port': 'range', 'Dst Port': 'range', 'TCP flags (Reset)': 'ternary', 'TCP flags (Syn)': 'lpm'}
   耗时: 264.22秒

深度分析:
  Gamma=1.400000 -> Depth=6
  Gamma=1.425000 -> Depth=4
  Gamma=1.450000 -> Depth=4

--- 迭代 3/10 ---

>> 测试 Gamma=1.400000

================================================================================
开始Gamma=1.400的完整深度探索实验
配置: Config1
Gamma: 1.400
深度范围: 4-38 (35个深度)
并行核心数: 92
================================================================================
启动并行探索，使用35个进程...

>> 最优解: Depth=6, F1=82.88%, Rules=54
   适应度: 1.063363
   资源: TCAM=1.21%, SRAM=0.17%, Stages=1
   匹配配置: {'Total length': 'range', 'Protocol': 'ternary', 'IPV4 Flags (DF)': 'ternary', 'Time to live': 'range', 'Src Port': 'range', 'Dst Port': 'range', 'TCP flags (Reset)': 'ternary', 'TCP flags (Syn)': 'lpm'}
   耗时: 274.65秒

>> 测试 Gamma=1.412500

================================================================================
开始Gamma=1.412的完整深度探索实验
配置: Config1
Gamma: 1.412
深度范围: 4-38 (35个深度)
并行核心数: 92
================================================================================
启动并行探索，使用35个进程...

>> 最优解: Depth=6, F1=82.88%, Rules=54
   适应度: 1.057950
   资源: TCAM=1.21%, SRAM=0.17%, Stages=1
   匹配配置: {'Total length': 'range', 'Protocol': 'ternary', 'IPV4 Flags (DF)': 'ternary', 'Time to live': 'range', 'Src Port': 'range', 'Dst Port': 'range', 'TCP flags (Reset)': 'ternary', 'TCP flags (Syn)': 'lpm'}
   耗时: 265.77秒

>> 测试 Gamma=1.425000

================================================================================
开始Gamma=1.425的完整深度探索实验
配置: Config1
Gamma: 1.425
深度范围: 4-38 (35个深度)
并行核心数: 92
================================================================================
启动并行探索，使用35个进程...

>> 最优解: Depth=4, F1=73.52%, Rules=16
   适应度: 1.053533
   资源: TCAM=1.21%, SRAM=0.17%, Stages=1
   匹配配置: {'Total length': 'range', 'Protocol': 'ternary', 'IPV4 Flags (DF)': 'ternary', 'Time to live': 'range', 'Src Port': 'range', 'Dst Port': 'range', 'TCP flags (Reset)': 'ternary', 'TCP flags (Syn)': 'lpm'}
   耗时: 263.40秒

深度分析:
  Gamma=1.400000 -> Depth=6
  Gamma=1.412500 -> Depth=6
  Gamma=1.425000 -> Depth=4

--- 迭代 4/10 ---

>> 测试 Gamma=1.412500

================================================================================
开始Gamma=1.412的完整深度探索实验
配置: Config1
Gamma: 1.412
深度范围: 4-38 (35个深度)
并行核心数: 92
================================================================================
启动并行探索，使用35个进程...
