nohup: 忽略输入

================================================================================
Config1 Gamma参数优化探索脚本（修正版）
================================================================================
Gamma值列表: [1.3, 1.4, 1.5, 1.6, 1.7, 1.8, 1.9, 2.0]
目标深度: 5
并行核心数: 92
深度范围: 4-38 (35个深度)
================================================================================

================================================================================
开始Gamma=1.300的完整深度探索实验
配置: Config1
Gamma: 1.300
深度范围: 4-38 (35个深度)
并行核心数: 92
================================================================================
启动并行探索，使用35个进程...

>> 最优解: Depth=6, F1=82.88%, Rules=54
   适应度: 1.106673
   资源: TCAM=1.21%, SRAM=0.17%, Stages=1
   匹配配置: {'Total length': 'range', 'Protocol': 'ternary', 'IPV4 Flags (DF)': 'ternary', 'Time to live': 'range', 'Src Port': 'range', 'Dst Port': 'range', 'TCP flags (Reset)': 'ternary', 'TCP flags (Syn)': 'lpm'}
   耗时: 280.28秒

================================================================================
开始Gamma=1.400的完整深度探索实验
配置: Config1
Gamma: 1.400
深度范围: 4-38 (35个深度)
并行核心数: 92
================================================================================
启动并行探索，使用35个进程...

>> 最优解: Depth=6, F1=82.88%, Rules=54
   适应度: 1.063363
   资源: TCAM=1.21%, SRAM=0.17%, Stages=1
   匹配配置: {'Total length': 'range', 'Protocol': 'ternary', 'IPV4 Flags (DF)': 'ternary', 'Time to live': 'range', 'Src Port': 'range', 'Dst Port': 'range', 'TCP flags (Reset)': 'ternary', 'TCP flags (Syn)': 'lpm'}
   耗时: 276.08秒

================================================================================
开始Gamma=1.500的完整深度探索实验
配置: Config1
Gamma: 1.500
深度范围: 4-38 (35个深度)
并行核心数: 92
================================================================================
启动并行探索，使用35个进程...

>> 最优解: Depth=4, F1=73.52%, Rules=16
   适应度: 1.030956
   资源: TCAM=1.21%, SRAM=0.17%, Stages=1
   匹配配置: {'Total length': 'range', 'Protocol': 'ternary', 'IPV4 Flags (DF)': 'ternary', 'Time to live': 'range', 'Src Port': 'range', 'Dst Port': 'range', 'TCP flags (Reset)': 'ternary', 'TCP flags (Syn)': 'lpm'}
   耗时: 286.42秒

================================================================================
开始Gamma=1.600的完整深度探索实验
配置: Config1
Gamma: 1.600
深度范围: 4-38 (35个深度)
并行核心数: 92
================================================================================
启动并行探索，使用35个进程...

>> 最优解: Depth=4, F1=73.52%, Rules=16
   适应度: 1.000853
   资源: TCAM=1.21%, SRAM=0.17%, Stages=1
   匹配配置: {'Total length': 'range', 'Protocol': 'ternary', 'IPV4 Flags (DF)': 'ternary', 'Time to live': 'range', 'Src Port': 'range', 'Dst Port': 'range', 'TCP flags (Reset)': 'ternary', 'TCP flags (Syn)': 'lpm'}
   耗时: 276.03秒

================================================================================
开始Gamma=1.700的完整深度探索实验
配置: Config1
Gamma: 1.700
深度范围: 4-38 (35个深度)
并行核心数: 92
================================================================================
启动并行探索，使用35个进程...

>> 最优解: Depth=4, F1=73.52%, Rules=16
   适应度: 0.970750
   资源: TCAM=1.21%, SRAM=0.17%, Stages=1
   匹配配置: {'Total length': 'range', 'Protocol': 'ternary', 'IPV4 Flags (DF)': 'ternary', 'Time to live': 'range', 'Src Port': 'range', 'Dst Port': 'range', 'TCP flags (Reset)': 'ternary', 'TCP flags (Syn)': 'lpm'}
   耗时: 279.31秒

================================================================================
开始Gamma=1.800的完整深度探索实验
配置: Config1
Gamma: 1.800
深度范围: 4-38 (35个深度)
并行核心数: 92
================================================================================
启动并行探索，使用35个进程...

>> 最优解: Depth=4, F1=73.52%, Rules=16
   适应度: 0.940647
   资源: TCAM=1.21%, SRAM=0.17%, Stages=1
   匹配配置: {'Total length': 'range', 'Protocol': 'ternary', 'IPV4 Flags (DF)': 'ternary', 'Time to live': 'range', 'Src Port': 'range', 'Dst Port': 'range', 'TCP flags (Reset)': 'ternary', 'TCP flags (Syn)': 'lpm'}
   耗时: 264.45秒

================================================================================
开始Gamma=1.900的完整深度探索实验
配置: Config1
Gamma: 1.900
深度范围: 4-38 (35个深度)
并行核心数: 92
================================================================================
启动并行探索，使用35个进程...

>> 最优解: Depth=4, F1=73.52%, Rules=16
   适应度: 0.910544
   资源: TCAM=1.21%, SRAM=0.17%, Stages=1
   匹配配置: {'Total length': 'range', 'Protocol': 'ternary', 'IPV4 Flags (DF)': 'ternary', 'Time to live': 'range', 'Src Port': 'range', 'Dst Port': 'range', 'TCP flags (Reset)': 'ternary', 'TCP flags (Syn)': 'lpm'}
   耗时: 266.39秒

================================================================================
开始Gamma=2.000的完整深度探索实验
配置: Config1
Gamma: 2.000
深度范围: 4-38 (35个深度)
并行核心数: 92
================================================================================
启动并行探索，使用35个进程...

>> 最优解: Depth=4, F1=73.52%, Rules=16
   适应度: 0.880441
   资源: TCAM=1.21%, SRAM=0.17%, Stages=1
   匹配配置: {'Total length': 'range', 'Protocol': 'ternary', 'IPV4 Flags (DF)': 'ternary', 'Time to live': 'range', 'Src Port': 'range', 'Dst Port': 'range', 'TCP flags (Reset)': 'ternary', 'TCP flags (Syn)': 'lpm'}
   耗时: 274.71秒

================================================================================
Gamma参数优化分析
目标深度: 5
================================================================================

总实验数: 8
可行实验数: 8

✓ 找到 8 个gamma值使深度在目标范围

目标深度范围内的Gamma值:
     Gamma |  Depth |    Fitness |     F1 |    Rules
------------------------------------------------------------
     1.300 |      6 |     1.1067 | 82.88% |       54
     1.400 |      6 |     1.0634 | 82.88% |       54
     1.500 |      4 |     1.0310 | 73.52% |       16
     1.600 |      4 |     1.0009 | 73.52% |       16
     1.700 |      4 |     0.9708 | 73.52% |       16
     1.800 |      4 |     0.9406 | 73.52% |       16
     1.900 |      4 |     0.9105 | 73.52% |       16
     2.000 |      4 |     0.8804 | 73.52% |       16

推荐最优Gamma值: 1.300
  最优深度: 6
  最优适应度: 1.106673
  最优F1分数: 82.88%
  最优规则数: 54

================================================================================
优化报告摘要
================================================================================
配置名称: Config1
目标深度: 5
最优gamma: 1.3000
实际深度: 6
深度误差: 1.0000
最优适应度: 1.106673

统计信息:
  总实验数: 8
  可行实验数: 8
  总测试数: 280
  总耗时: 2203.66秒
  平均耗时: 275.46秒

报告已保存: gamma_optimization_20260207_014658.json

================================================================================
优化完成！总耗时: 2203.67秒
================================================================================
