nohup: 忽略输入

================================================================================
Config1 Gamma参数优化探索脚本（修正版）
搜索模式: binary
目标深度: 5
并行核心数: 92
深度范围: 4-38 (35个深度)
================================================================================

二分查找参数:
  搜索范围: [1.4125, 1.425]
  最大迭代: 10
  收敛容差: 0.001

================================================================================
Gamma参数密集采样分析
目标深度: 5
搜索范围: [1.4125, 1.425]
采样步长: 0.001
================================================================================

采样点数: 13
Gamma值: [1.4125, 1.4135, 1.4145, 1.4155, 1.4165, 1.4175, 1.4185, 1.4195, 1.4205, 1.4215, 1.4225, 1.4235, 1.4245]

================================================================================
测试 1/13: Gamma=1.412500
================================================================================

================================================================================
开始Gamma=1.413的完整深度探索实验
配置: Config1
Gamma: 1.413
深度范围: 4-38 (35个深度)
并行核心数: 92
================================================================================
启动并行探索，使用35个进程...

>> 最优解: Depth=6, F1=82.88%, Rules=54
   适应度: 1.057950
   资源: TCAM=1.21%, SRAM=0.17%, Stages=1
   匹配配置: {'Total length': 'range', 'Protocol': 'ternary', 'IPV4 Flags (DF)': 'ternary', 'Time to live': 'range', 'Src Port': 'range', 'Dst Port': 'range', 'TCP flags (Reset)': 'ternary', 'TCP flags (Syn)': 'lpm'}
   耗时: 267.65秒

所有深度结果:
 Depth |    Fitness |     F1 |    Rules |   TCAM%
-------------------------------------------------------
     4 |   1.057296 | 73.52% |       16 |    1.21
     5 |   1.038064 | 77.63% |       31 |    1.21
     6 |   1.057950 | 82.88% |       54 |    1.21
     7 |   1.018590 | 84.30% |       84 |    1.21
     8 |   0.968597 | 85.28% |      132 |    1.18
     9 |   0.939229 | 86.61% |      192 |    1.33
    10 |   0.898799 | 86.86% |      276 |    2.35
    11 |   0.863933 | 87.45% |      382 |    2.67
    12 |   0.844057 | 88.16% |      506 |    3.58
    13 |   0.820355 | 88.20% |      604 |    3.84
    14 |   0.791950 | 88.22% |      777 |    4.82

================================================================================
测试 2/13: Gamma=1.413500
================================================================================

================================================================================
开始Gamma=1.413的完整深度探索实验
配置: Config1
Gamma: 1.413
深度范围: 4-38 (35个深度)
并行核心数: 92
================================================================================
启动并行探索，使用35个进程...

>> 最优解: Depth=6, F1=82.88%, Rules=54
   适应度: 1.057517
   资源: TCAM=1.21%, SRAM=0.17%, Stages=1
   匹配配置: {'Total length': 'range', 'Protocol': 'ternary', 'IPV4 Flags (DF)': 'ternary', 'Time to live': 'range', 'Src Port': 'range', 'Dst Port': 'range', 'TCP flags (Reset)': 'ternary', 'TCP flags (Syn)': 'lpm'}
   耗时: 265.34秒

所有深度结果:
 Depth |    Fitness |     F1 |    Rules |   TCAM%
-------------------------------------------------------
     4 |   1.056995 | 73.52% |       16 |    1.21
     5 |   1.037691 | 77.63% |       31 |    1.21
     6 |   1.057517 | 82.88% |       54 |    1.21
     7 |   1.018109 | 84.30% |       84 |    1.21
     8 |   0.968067 | 85.28% |      132 |    1.18
     9 |   0.938658 | 86.61% |      192 |    1.33
    10 |   0.898189 | 86.86% |      276 |    2.35
    11 |   0.863288 | 87.45% |      382 |    2.67
    12 |   0.843381 | 88.16% |      506 |    3.58
    13 |   0.819659 | 88.20% |      604 |    3.84
    14 |   0.791227 | 88.22% |      777 |    4.82

================================================================================
测试 3/13: Gamma=1.414500
================================================================================

================================================================================
开始Gamma=1.415的完整深度探索实验
配置: Config1
Gamma: 1.415
深度范围: 4-38 (35个深度)
并行核心数: 92
================================================================================
启动并行探索，使用35个进程...

>> 最优解: Depth=6, F1=82.88%, Rules=54
   适应度: 1.057083
   资源: TCAM=1.21%, SRAM=0.17%, Stages=1
   匹配配置: {'Total length': 'range', 'Protocol': 'ternary', 'IPV4 Flags (DF)': 'ternary', 'Time to live': 'range', 'Src Port': 'range', 'Dst Port': 'range', 'TCP flags (Reset)': 'ternary', 'TCP flags (Syn)': 'lpm'}
   耗时: 266.90秒

所有深度结果:
 Depth |    Fitness |     F1 |    Rules |   TCAM%
-------------------------------------------------------
     4 |   1.056694 | 73.52% |       16 |    1.21
     5 |   1.037318 | 77.63% |       31 |    1.21
     6 |   1.057083 | 82.88% |       54 |    1.21
     7 |   1.017628 | 84.30% |       84 |    1.21
     8 |   0.967537 | 85.28% |      132 |    1.18
     9 |   0.938087 | 86.61% |      192 |    1.33
    10 |   0.897579 | 86.86% |      276 |    2.35
    11 |   0.862642 | 87.45% |      382 |    2.67
    12 |   0.842705 | 88.16% |      506 |    3.58
    13 |   0.818964 | 88.20% |      604 |    3.84
    14 |   0.790504 | 88.22% |      777 |    4.82

================================================================================
测试 4/13: Gamma=1.415500
================================================================================

================================================================================
开始Gamma=1.415的完整深度探索实验
配置: Config1
Gamma: 1.415
深度范围: 4-38 (35个深度)
并行核心数: 92
================================================================================
启动并行探索，使用35个进程...

>> 最优解: Depth=6, F1=82.88%, Rules=54
   适应度: 1.056650
   资源: TCAM=1.21%, SRAM=0.17%, Stages=1
   匹配配置: {'Total length': 'range', 'Protocol': 'ternary', 'IPV4 Flags (DF)': 'ternary', 'Time to live': 'range', 'Src Port': 'range', 'Dst Port': 'range', 'TCP flags (Reset)': 'ternary', 'TCP flags (Syn)': 'lpm'}
   耗时: 267.24秒

所有深度结果:
 Depth |    Fitness |     F1 |    Rules |   TCAM%
-------------------------------------------------------
     4 |   1.056393 | 73.52% |       16 |    1.21
     5 |   1.036946 | 77.63% |       31 |    1.21
     6 |   1.056650 | 82.88% |       54 |    1.21
     7 |   1.017147 | 84.30% |       84 |    1.21
     8 |   0.967007 | 85.28% |      132 |    1.18
     9 |   0.937517 | 86.61% |      192 |    1.33
    10 |   0.896969 | 86.86% |      276 |    2.35
    11 |   0.861997 | 87.45% |      382 |    2.67
    12 |   0.842029 | 88.16% |      506 |    3.58
    13 |   0.818269 | 88.20% |      604 |    3.84
    14 |   0.789782 | 88.22% |      777 |    4.82

================================================================================
测试 5/13: Gamma=1.416500
================================================================================

================================================================================
开始Gamma=1.417的完整深度探索实验
配置: Config1
Gamma: 1.417
深度范围: 4-38 (35个深度)
并行核心数: 92
================================================================================
启动并行探索，使用35个进程...

>> 最优解: Depth=6, F1=82.88%, Rules=54
   适应度: 1.056217
   资源: TCAM=1.21%, SRAM=0.17%, Stages=1
   匹配配置: {'Total length': 'range', 'Protocol': 'ternary', 'IPV4 Flags (DF)': 'ternary', 'Time to live': 'range', 'Src Port': 'range', 'Dst Port': 'range', 'TCP flags (Reset)': 'ternary', 'TCP flags (Syn)': 'lpm'}
   耗时: 263.72秒

所有深度结果:
 Depth |    Fitness |     F1 |    Rules |   TCAM%
-------------------------------------------------------
     4 |   1.056092 | 73.52% |       16 |    1.21
     5 |   1.036573 | 77.63% |       31 |    1.21
     6 |   1.056217 | 82.88% |       54 |    1.21
     7 |   1.016666 | 84.30% |       84 |    1.21
     8 |   0.966477 | 85.28% |      132 |    1.18
     9 |   0.936946 | 86.61% |      192 |    1.33
    10 |   0.896358 | 86.86% |      276 |    2.35
    11 |   0.861351 | 87.45% |      382 |    2.67
    12 |   0.841353 | 88.16% |      506 |    3.58
    13 |   0.817574 | 88.20% |      604 |    3.84
    14 |   0.789059 | 88.22% |      777 |    4.82

================================================================================
测试 6/13: Gamma=1.417500
================================================================================

================================================================================
开始Gamma=1.417的完整深度探索实验
配置: Config1
Gamma: 1.417
深度范围: 4-38 (35个深度)
并行核心数: 92
================================================================================
启动并行探索，使用35个进程...

>> 最优解: Depth=4, F1=73.52%, Rules=16
   适应度: 1.055791
   资源: TCAM=1.21%, SRAM=0.17%, Stages=1
   匹配配置: {'Total length': 'range', 'Protocol': 'ternary', 'IPV4 Flags (DF)': 'ternary', 'Time to live': 'range', 'Src Port': 'range', 'Dst Port': 'range', 'TCP flags (Reset)': 'ternary', 'TCP flags (Syn)': 'lpm'}
   耗时: 261.79秒

所有深度结果:
 Depth |    Fitness |     F1 |    Rules |   TCAM%
-------------------------------------------------------
     4 |   1.055791 | 73.52% |       16 |    1.21
     5 |   1.036200 | 77.63% |       31 |    1.21
     6 |   1.055784 | 82.88% |       54 |    1.21
     7 |   1.016185 | 84.30% |       84 |    1.21
     8 |   0.965947 | 85.28% |      132 |    1.18
     9 |   0.936375 | 86.61% |      192 |    1.33
    10 |   0.895748 | 86.86% |      276 |    2.35
    11 |   0.860706 | 87.45% |      382 |    2.67
    12 |   0.840677 | 88.16% |      506 |    3.58
    13 |   0.816878 | 88.20% |      604 |    3.84
    14 |   0.788337 | 88.22% |      777 |    4.82

================================================================================
测试 7/13: Gamma=1.418500
================================================================================

================================================================================
开始Gamma=1.419的完整深度探索实验
配置: Config1
Gamma: 1.419
深度范围: 4-38 (35个深度)
并行核心数: 92
================================================================================
启动并行探索，使用35个进程...

>> 最优解: Depth=4, F1=73.52%, Rules=16
   适应度: 1.055490
   资源: TCAM=1.21%, SRAM=0.17%, Stages=1
   匹配配置: {'Total length': 'range', 'Protocol': 'ternary', 'IPV4 Flags (DF)': 'ternary', 'Time to live': 'range', 'Src Port': 'range', 'Dst Port': 'range', 'TCP flags (Reset)': 'ternary', 'TCP flags (Syn)': 'lpm'}
   耗时: 264.30秒

所有深度结果:
 Depth |    Fitness |     F1 |    Rules |   TCAM%
-------------------------------------------------------
     4 |   1.055490 | 73.52% |       16 |    1.21
     5 |   1.035827 | 77.63% |       31 |    1.21
     6 |   1.055351 | 82.88% |       54 |    1.21
     7 |   1.015704 | 84.30% |       84 |    1.21
     8 |   0.965416 | 85.28% |      132 |    1.18
     9 |   0.935804 | 86.61% |      192 |    1.33
    10 |   0.895138 | 86.86% |      276 |    2.35
    11 |   0.860060 | 87.45% |      382 |    2.67
    12 |   0.840001 | 88.16% |      506 |    3.58
    13 |   0.816183 | 88.20% |      604 |    3.84
    14 |   0.787614 | 88.22% |      777 |    4.82

================================================================================
测试 8/13: Gamma=1.419500
================================================================================

================================================================================
开始Gamma=1.419的完整深度探索实验
配置: Config1
Gamma: 1.419
深度范围: 4-38 (35个深度)
并行核心数: 92
================================================================================
启动并行探索，使用35个进程...

>> 最优解: Depth=4, F1=73.52%, Rules=16
   适应度: 1.055189
   资源: TCAM=1.21%, SRAM=0.17%, Stages=1
   匹配配置: {'Total length': 'range', 'Protocol': 'ternary', 'IPV4 Flags (DF)': 'ternary', 'Time to live': 'range', 'Src Port': 'range', 'Dst Port': 'range', 'TCP flags (Reset)': 'ternary', 'TCP flags (Syn)': 'lpm'}
   耗时: 273.23秒

所有深度结果:
 Depth |    Fitness |     F1 |    Rules |   TCAM%
-------------------------------------------------------
     4 |   1.055189 | 73.52% |       16 |    1.21
     5 |   1.035454 | 77.63% |       31 |    1.21
     6 |   1.054918 | 82.88% |       54 |    1.21
     7 |   1.015223 | 84.30% |       84 |    1.21
     8 |   0.964886 | 85.28% |      132 |    1.18
     9 |   0.935233 | 86.61% |      192 |    1.33
    10 |   0.894528 | 86.86% |      276 |    2.35
    11 |   0.859415 | 87.45% |      382 |    2.67
    12 |   0.839325 | 88.16% |      506 |    3.58
    13 |   0.815488 | 88.20% |      604 |    3.84
    14 |   0.786891 | 88.22% |      777 |    4.82

================================================================================
测试 9/13: Gamma=1.420500
================================================================================

================================================================================
开始Gamma=1.421的完整深度探索实验
配置: Config1
Gamma: 1.421
深度范围: 4-38 (35个深度)
并行核心数: 92
================================================================================
启动并行探索，使用35个进程...

>> 最优解: Depth=4, F1=73.52%, Rules=16
   适应度: 1.054888
   资源: TCAM=1.21%, SRAM=0.17%, Stages=1
   匹配配置: {'Total length': 'range', 'Protocol': 'ternary', 'IPV4 Flags (DF)': 'ternary', 'Time to live': 'range', 'Src Port': 'range', 'Dst Port': 'range', 'TCP flags (Reset)': 'ternary', 'TCP flags (Syn)': 'lpm'}
   耗时: 261.63秒

所有深度结果:
 Depth |    Fitness |     F1 |    Rules |   TCAM%
-------------------------------------------------------
     4 |   1.054888 | 73.52% |       16 |    1.21
     5 |   1.035081 | 77.63% |       31 |    1.21
     6 |   1.054485 | 82.88% |       54 |    1.21
     7 |   1.014742 | 84.30% |       84 |    1.21
     8 |   0.964356 | 85.28% |      132 |    1.18
     9 |   0.934662 | 86.61% |      192 |    1.33
    10 |   0.893917 | 86.86% |      276 |    2.35
    11 |   0.858769 | 87.45% |      382 |    2.67
    12 |   0.838649 | 88.16% |      506 |    3.58
    13 |   0.814793 | 88.20% |      604 |    3.84
    14 |   0.786169 | 88.22% |      777 |    4.82

================================================================================
测试 10/13: Gamma=1.421500
================================================================================

================================================================================
开始Gamma=1.421的完整深度探索实验
配置: Config1
Gamma: 1.421
深度范围: 4-38 (35个深度)
并行核心数: 92
================================================================================
启动并行探索，使用35个进程...

>> 最优解: Depth=4, F1=73.52%, Rules=16
   适应度: 1.054587
   资源: TCAM=1.21%, SRAM=0.17%, Stages=1
   匹配配置: {'Total length': 'range', 'Protocol': 'ternary', 'IPV4 Flags (DF)': 'ternary', 'Time to live': 'range', 'Src Port': 'range', 'Dst Port': 'range', 'TCP flags (Reset)': 'ternary', 'TCP flags (Syn)': 'lpm'}
   耗时: 273.49秒

所有深度结果:
 Depth |    Fitness |     F1 |    Rules |   TCAM%
-------------------------------------------------------
     4 |   1.054587 | 73.52% |       16 |    1.21
     5 |   1.034709 | 77.63% |       31 |    1.21
     6 |   1.054052 | 82.88% |       54 |    1.21
     7 |   1.014260 | 84.30% |       84 |    1.21
     8 |   0.963826 | 85.28% |      132 |    1.18
     9 |   0.934092 | 86.61% |      192 |    1.33
    10 |   0.893307 | 86.86% |      276 |    2.35
    11 |   0.858124 | 87.45% |      382 |    2.67
    12 |   0.837973 | 88.16% |      506 |    3.58
    13 |   0.814097 | 88.20% |      604 |    3.84
    14 |   0.785446 | 88.22% |      777 |    4.82

================================================================================
测试 11/13: Gamma=1.422500
================================================================================

================================================================================
开始Gamma=1.423的完整深度探索实验
配置: Config1
Gamma: 1.423
深度范围: 4-38 (35个深度)
并行核心数: 92
================================================================================
启动并行探索，使用35个进程...

>> 最优解: Depth=4, F1=73.52%, Rules=16
   适应度: 1.054286
   资源: TCAM=1.21%, SRAM=0.17%, Stages=1
   匹配配置: {'Total length': 'range', 'Protocol': 'ternary', 'IPV4 Flags (DF)': 'ternary', 'Time to live': 'range', 'Src Port': 'range', 'Dst Port': 'range', 'TCP flags (Reset)': 'ternary', 'TCP flags (Syn)': 'lpm'}
   耗时: 265.27秒

所有深度结果:
 Depth |    Fitness |     F1 |    Rules |   TCAM%
-------------------------------------------------------
     4 |   1.054286 | 73.52% |       16 |    1.21
     5 |   1.034336 | 77.63% |       31 |    1.21
     6 |   1.053619 | 82.88% |       54 |    1.21
     7 |   1.013779 | 84.30% |       84 |    1.21
     8 |   0.963296 | 85.28% |      132 |    1.18
     9 |   0.933521 | 86.61% |      192 |    1.33
    10 |   0.892697 | 86.86% |      276 |    2.35
    11 |   0.857478 | 87.45% |      382 |    2.67
    12 |   0.837297 | 88.16% |      506 |    3.58
    13 |   0.813402 | 88.20% |      604 |    3.84
    14 |   0.784724 | 88.22% |      777 |    4.82

================================================================================
测试 12/13: Gamma=1.423500
================================================================================

================================================================================
开始Gamma=1.423的完整深度探索实验
配置: Config1
Gamma: 1.423
深度范围: 4-38 (35个深度)
并行核心数: 92
================================================================================
启动并行探索，使用35个进程...

>> 最优解: Depth=4, F1=73.52%, Rules=16
   适应度: 1.053985
   资源: TCAM=1.21%, SRAM=0.17%, Stages=1
   匹配配置: {'Total length': 'range', 'Protocol': 'ternary', 'IPV4 Flags (DF)': 'ternary', 'Time to live': 'range', 'Src Port': 'range', 'Dst Port': 'range', 'TCP flags (Reset)': 'ternary', 'TCP flags (Syn)': 'lpm'}
   耗时: 266.16秒

所有深度结果:
 Depth |    Fitness |     F1 |    Rules |   TCAM%
-------------------------------------------------------
     4 |   1.053985 | 73.52% |       16 |    1.21
     5 |   1.033963 | 77.63% |       31 |    1.21
     6 |   1.053186 | 82.88% |       54 |    1.21
     7 |   1.013298 | 84.30% |       84 |    1.21
     8 |   0.962766 | 85.28% |      132 |    1.18
     9 |   0.932950 | 86.61% |      192 |    1.33
    10 |   0.892087 | 86.86% |      276 |    2.35
    11 |   0.856833 | 87.45% |      382 |    2.67
    12 |   0.836621 | 88.16% |      506 |    3.58
    13 |   0.812707 | 88.20% |      604 |    3.84
    14 |   0.784001 | 88.22% |      777 |    4.82

================================================================================
测试 13/13: Gamma=1.424500
================================================================================

================================================================================
开始Gamma=1.425的完整深度探索实验
配置: Config1
Gamma: 1.425
深度范围: 4-38 (35个深度)
并行核心数: 92
================================================================================
启动并行探索，使用35个进程...

>> 最优解: Depth=4, F1=73.52%, Rules=16
   适应度: 1.053684
   资源: TCAM=1.21%, SRAM=0.17%, Stages=1
   匹配配置: {'Total length': 'range', 'Protocol': 'ternary', 'IPV4 Flags (DF)': 'ternary', 'Time to live': 'range', 'Src Port': 'range', 'Dst Port': 'range', 'TCP flags (Reset)': 'ternary', 'TCP flags (Syn)': 'lpm'}
   耗时: 261.96秒

所有深度结果:
 Depth |    Fitness |     F1 |    Rules |   TCAM%
-------------------------------------------------------
     4 |   1.053684 | 73.52% |       16 |    1.21
     5 |   1.033590 | 77.63% |       31 |    1.21
     6 |   1.052752 | 82.88% |       54 |    1.21
     7 |   1.012817 | 84.30% |       84 |    1.21
     8 |   0.962236 | 85.28% |      132 |    1.18
     9 |   0.932379 | 86.61% |      192 |    1.33
    10 |   0.891477 | 86.86% |      276 |    2.35
    11 |   0.856187 | 87.45% |      382 |    2.67
    12 |   0.835945 | 88.16% |      506 |    3.58
    13 |   0.812012 | 88.20% |      604 |    3.84
    14 |   0.783278 | 88.22% |      777 |    4.82

================================================================================
深度变化分析
================================================================================

     Gamma | Optimal Depth |    Fitness |     F1 |    Rules
----------------------------------------------------------------------
  1.412500 |             6 |   1.057950 | 82.88% |       54
  1.413500 |             6 |   1.057517 | 82.88% |       54
  1.414500 |             6 |   1.057083 | 82.88% |       54
  1.415500 |             6 |   1.056650 | 82.88% |       54
  1.416500 |             6 |   1.056217 | 82.88% |       54
  1.417500 |             4 |   1.055791 | 73.52% |       16
  1.418500 |             4 |   1.055490 | 73.52% |       16
  1.419500 |             4 |   1.055189 | 73.52% |       16
  1.420500 |             4 |   1.054888 | 73.52% |       16
  1.421500 |             4 |   1.054587 | 73.52% |       16
  1.422500 |             4 |   1.054286 | 73.52% |       16
  1.423500 |             4 |   1.053985 | 73.52% |       16
  1.424500 |             4 |   1.053684 | 73.52% |       16

深度分布:
  Depth=4: 8 次
  Depth=6: 5 次

✗ 未找到目标深度5的gamma值
  最接近的深度: 6
  最接近的gamma: 1.412500
  深度误差: 1

================================================================================
优化报告摘要
================================================================================
配置名称: Config1
目标深度: 5
最优gamma: 1.412500
实际深度: 6
深度误差: 1.000000
最优适应度: 1.057950

统计信息:
  总测试数: 13
  总耗时: 3458.68秒
  平均耗时: 266.05秒

报告已保存: gamma_binary_search_20260207_041814.json

================================================================================
优化完成！总耗时: 3458.71秒
================================================================================
