nohup: 忽略输入

================================================================================
Config1 Gamma参数优化探索脚本（修正版）
================================================================================
Gamma值列表: [0.5, 0.8, 1.0, 1.2, 1.5, 1.8, 2.0, 2.5, 3.0]
目标深度: 5
并行核心数: 92
深度范围: 4-38 (35个深度)
================================================================================

================================================================================
开始Gamma=0.500的完整深度探索实验
配置: Config1
Gamma: 0.500
深度范围: 4-38 (35个深度)
并行核心数: 92
================================================================================
启动并行探索，使用35个进程...

>> 最优解: Depth=12, F1=88.16%, Rules=506
   适应度: 1.460942
   资源: TCAM=3.58%, SRAM=0.18%, Stages=1
   匹配配置: {'Total length': 'range', 'Protocol': 'lpm', 'IPV4 Flags (DF)': 'ternary', 'Time to live': 'range', 'Src Port': 'range', 'Dst Port': 'range', 'TCP flags (Reset)': 'ternary', 'TCP flags (Syn)': 'ternary'}
   耗时: 266.25秒

================================================================================
开始Gamma=0.800的完整深度探索实验
配置: Config1
Gamma: 0.800
深度范围: 4-38 (35个深度)
并行核心数: 92
================================================================================
启动并行探索，使用35个进程...

>> 最优解: Depth=6, F1=82.88%, Rules=54
   适应度: 1.323222
   资源: TCAM=1.21%, SRAM=0.17%, Stages=1
   匹配配置: {'Total length': 'range', 'Protocol': 'ternary', 'IPV4 Flags (DF)': 'ternary', 'Time to live': 'range', 'Src Port': 'range', 'Dst Port': 'range', 'TCP flags (Reset)': 'ternary', 'TCP flags (Syn)': 'lpm'}
   耗时: 266.03秒

================================================================================
开始Gamma=1.000的完整深度探索实验
配置: Config1
Gamma: 1.000
深度范围: 4-38 (35个深度)
并行核心数: 92
================================================================================
启动并行探索，使用35个进程...

>> 最优解: Depth=6, F1=82.88%, Rules=54
   适应度: 1.236603
   资源: TCAM=1.21%, SRAM=0.17%, Stages=1
   匹配配置: {'Total length': 'range', 'Protocol': 'ternary', 'IPV4 Flags (DF)': 'ternary', 'Time to live': 'range', 'Src Port': 'range', 'Dst Port': 'range', 'TCP flags (Reset)': 'ternary', 'TCP flags (Syn)': 'lpm'}
   耗时: 269.81秒

================================================================================
开始Gamma=1.200的完整深度探索实验
配置: Config1
Gamma: 1.200
深度范围: 4-38 (35个深度)
并行核心数: 92
================================================================================
启动并行探索，使用35个进程...

>> 最优解: Depth=6, F1=82.88%, Rules=54
   适应度: 1.149983
   资源: TCAM=1.21%, SRAM=0.17%, Stages=1
   匹配配置: {'Total length': 'range', 'Protocol': 'ternary', 'IPV4 Flags (DF)': 'ternary', 'Time to live': 'range', 'Src Port': 'range', 'Dst Port': 'range', 'TCP flags (Reset)': 'ternary', 'TCP flags (Syn)': 'lpm'}
   耗时: 270.27秒

================================================================================
开始Gamma=1.500的完整深度探索实验
配置: Config1
Gamma: 1.500
深度范围: 4-38 (35个深度)
并行核心数: 92
================================================================================
启动并行探索，使用35个进程...

>> 最优解: Depth=4, F1=73.52%, Rules=16
   适应度: 1.030956
   资源: TCAM=1.21%, SRAM=0.17%, Stages=1
   匹配配置: {'Total length': 'range', 'Protocol': 'ternary', 'IPV4 Flags (DF)': 'ternary', 'Time to live': 'range', 'Src Port': 'range', 'Dst Port': 'range', 'TCP flags (Reset)': 'ternary', 'TCP flags (Syn)': 'lpm'}
   耗时: 285.50秒

================================================================================
开始Gamma=1.800的完整深度探索实验
配置: Config1
Gamma: 1.800
深度范围: 4-38 (35个深度)
并行核心数: 92
================================================================================
启动并行探索，使用35个进程...

>> 最优解: Depth=4, F1=73.52%, Rules=16
   适应度: 0.940647
   资源: TCAM=1.21%, SRAM=0.17%, Stages=1
   匹配配置: {'Total length': 'range', 'Protocol': 'ternary', 'IPV4 Flags (DF)': 'ternary', 'Time to live': 'range', 'Src Port': 'range', 'Dst Port': 'range', 'TCP flags (Reset)': 'ternary', 'TCP flags (Syn)': 'lpm'}
   耗时: 280.22秒

================================================================================
开始Gamma=2.000的完整深度探索实验
配置: Config1
Gamma: 2.000
深度范围: 4-38 (35个深度)
并行核心数: 92
================================================================================
启动并行探索，使用35个进程...

>> 最优解: Depth=4, F1=73.52%, Rules=16
   适应度: 0.880441
   资源: TCAM=1.21%, SRAM=0.17%, Stages=1
   匹配配置: {'Total length': 'range', 'Protocol': 'ternary', 'IPV4 Flags (DF)': 'ternary', 'Time to live': 'range', 'Src Port': 'range', 'Dst Port': 'range', 'TCP flags (Reset)': 'ternary', 'TCP flags (Syn)': 'lpm'}
   耗时: 291.48秒

================================================================================
开始Gamma=2.500的完整深度探索实验
配置: Config1
Gamma: 2.500
深度范围: 4-38 (35个深度)
并行核心数: 92
================================================================================
启动并行探索，使用35个进程...

>> 最优解: Depth=4, F1=73.52%, Rules=16
   适应度: 0.729926
   资源: TCAM=1.21%, SRAM=0.17%, Stages=1
   匹配配置: {'Total length': 'range', 'Protocol': 'ternary', 'IPV4 Flags (DF)': 'ternary', 'Time to live': 'range', 'Src Port': 'range', 'Dst Port': 'range', 'TCP flags (Reset)': 'ternary', 'TCP flags (Syn)': 'lpm'}
   耗时: 274.96秒

================================================================================
开始Gamma=3.000的完整深度探索实验
配置: Config1
Gamma: 3.000
深度范围: 4-38 (35个深度)
并行核心数: 92
================================================================================
启动并行探索，使用35个进程...

>> 最优解: Depth=4, F1=73.52%, Rules=16
   适应度: 0.579411
   资源: TCAM=1.21%, SRAM=0.17%, Stages=1
   匹配配置: {'Total length': 'range', 'Protocol': 'ternary', 'IPV4 Flags (DF)': 'ternary', 'Time to live': 'range', 'Src Port': 'range', 'Dst Port': 'range', 'TCP flags (Reset)': 'ternary', 'TCP flags (Syn)': 'lpm'}
   耗时: 295.77秒

================================================================================
Gamma参数优化分析
目标深度: 5
================================================================================

总实验数: 9
可行实验数: 9

✓ 找到 8 个gamma值使深度在目标范围

目标深度范围内的Gamma值:
     Gamma |  Depth |    Fitness |     F1 |    Rules
------------------------------------------------------------
     0.800 |      6 |     1.3232 | 82.88% |       54
     1.000 |      6 |     1.2366 | 82.88% |       54
     1.200 |      6 |     1.1500 | 82.88% |       54
     1.500 |      4 |     1.0310 | 73.52% |       16
     1.800 |      4 |     0.9406 | 73.52% |       16
     2.000 |      4 |     0.8804 | 73.52% |       16
     2.500 |      4 |     0.7299 | 73.52% |       16
     3.000 |      4 |     0.5794 | 73.52% |       16

推荐最优Gamma值: 0.800
  最优深度: 6
  最优适应度: 1.323222
  最优F1分数: 82.88%
  最优规则数: 54

================================================================================
优化报告摘要
================================================================================
配置名称: Config1
目标深度: 5
最优gamma: 0.8000
实际深度: 6
深度误差: 1.0000
最优适应度: 1.323222

统计信息:
  总实验数: 9
  可行实验数: 9
  总测试数: 315
  总耗时: 2500.30秒
  平均耗时: 277.81秒

报告已保存: gamma_optimization_20260207_013925.json

================================================================================
优化完成！总耗时: 2500.31秒
================================================================================
